# JRE version: OpenJDK Runtime Environment (8.0_212) (build 1.8.0_212-release-1586-b4-5784211)
# Java VM: OpenJDK 64-Bit Server VM (25.212-b4-5784211 mixed mode bsd-amd64 compressed oops)
Heap:
 PSYoungGen      total 41984K, used 12328K [0x00000007a0000000, 0x00000007a3380000, 0x00000007c0000000)
  eden space 32256K, 38% used [0x00000007a0000000,0x00000007a0c0a328,0x00000007a1f80000)
  from space 9728K, 0% used [0x00000007a2a00000,0x00000007a2a00000,0x00000007a3380000)
  to   space 10240K, 0% used [0x00000007a1f80000,0x00000007a1f80000,0x00000007a2980000)
 ParOldGen       total 60416K, used 8744K [0x0000000760000000, 0x0000000763b00000, 0x00000007a0000000)
  object space 60416K, 14% used [0x0000000760000000,0x000000076088a360,0x0000000763b00000)
 Metaspace       used 24157K, capacity 24662K, committed 24832K, reserved 1071104K
  class space    used 3365K, capacity 3545K, committed 3584K, reserved 1048576K
GC Heap History (10 events):
Event: 13.006 GC heap before
{Heap before GC invocations=3 (full 0):
 PSYoungGen      total 38400K, used 37885K [0x00000007a0000000, 0x00000007a2a80000, 0x00000007c0000000)
  eden space 33280K, 100% used [0x00000007a0000000,0x00000007a2080000,0x00000007a2080000)
  from space 5120K, 89% used [0x00000007a2580000,0x00000007a29ff700,0x00000007a2a80000)
  to   space 5120K, 0% used [0x00000007a2080000,0x00000007a2080000,0x00000007a2580000)
 ParOldGen       total 87552K, used 16K [0x0000000760000000, 0x0000000765580000, 0x00000007a0000000)
  object space 87552K, 0% used [0x0000000760000000,0x0000000760004000,0x0000000765580000)
 Metaspace       used 13050K, capacity 13432K, committed 13568K, reserved 1060864K
  class space    used 1801K, capacity 1964K, committed 2048K, reserved 1048576K
Event: 13.031 GC heap after
Heap after GC invocations=3 (full 0):
 PSYoungGen      total 38400K, used 5088K [0x00000007a0000000, 0x00000007a2a80000, 0x00000007c0000000)
  eden space 33280K, 0% used [0x00000007a0000000,0x00000007a0000000,0x00000007a2080000)
  from space 5120K, 99% used [0x00000007a2080000,0x00000007a2578020,0x00000007a2580000)
  to   space 5120K, 0% used [0x00000007a2580000,0x00000007a2580000,0x00000007a2a80000)
 ParOldGen       total 87552K, used 1882K [0x0000000760000000, 0x0000000765580000, 0x00000007a0000000)
  object space 87552K, 2% used [0x0000000760000000,0x00000007601d69a8,0x0000000765580000)
 Metaspace       used 13050K, capacity 13432K, committed 13568K, reserved 1060864K
  class space    used 1801K, capacity 1964K, committed 2048K, reserved 1048576K
}
Event: 15.811 GC heap before
{Heap before GC invocations=4 (full 0):
 PSYoungGen      total 38400K, used 38368K [0x00000007a0000000, 0x00000007a2a80000, 0x00000007c0000000)
  eden space 33280K, 100% used [0x00000007a0000000,0x00000007a2080000,0x00000007a2080000)
  from space 5120K, 99% used [0x00000007a2080000,0x00000007a2578020,0x00000007a2580000)
  to   space 5120K, 0% used [0x00000007a2580000,0x00000007a2580000,0x00000007a2a80000)
 ParOldGen       total 87552K, used 1882K [0x0000000760000000, 0x0000000765580000, 0x00000007a0000000)
  object space 87552K, 2% used [0x0000000760000000,0x00000007601d69a8,0x0000000765580000)
 Metaspace       used 15743K, capacity 16204K, committed 16512K, reserved 1062912K
  class space    used 2242K, capacity 2402K, committed 2432K, reserved 1048576K
Event: 15.850 GC heap after
Heap after GC invocations=4 (full 0):
 PSYoungGen      total 38400K, used 5088K [0x00000007a0000000, 0x00000007a2a80000, 0x00000007c0000000)
  eden space 33280K, 0% used [0x00000007a0000000,0x00000007a0000000,0x00000007a2080000)
  from space 5120K, 99% used [0x00000007a2580000,0x00000007a2a78020,0x00000007a2a80000)
  to   space 5120K, 0% used [0x00000007a2080000,0x00000007a2080000,0x00000007a2580000)
 ParOldGen       total 87552K, used 4718K [0x0000000760000000, 0x0000000765580000, 0x00000007a0000000)
  object space 87552K, 5% used [0x0000000760000000,0x000000076049baa0,0x0000000765580000)
 Metaspace       used 15743K, capacity 16204K, committed 16512K, reserved 1062912K
  class space    used 2242K, capacity 2402K, committed 2432K, reserved 1048576K
}
Event: 19.683 GC heap before
{Heap before GC invocations=5 (full 0):
 PSYoungGen      total 38400K, used 38368K [0x00000007a0000000, 0x00000007a2a80000, 0x00000007c0000000)
  eden space 33280K, 100% used [0x00000007a0000000,0x00000007a2080000,0x00000007a2080000)
  from space 5120K, 99% used [0x00000007a2580000,0x00000007a2a78020,0x00000007a2a80000)
  to   space 5120K, 0% used [0x00000007a2080000,0x00000007a2080000,0x00000007a2580000)
 ParOldGen       total 87552K, used 4718K [0x0000000760000000, 0x0000000765580000, 0x00000007a0000000)
  object space 87552K, 5% used [0x0000000760000000,0x000000076049baa0,0x0000000765580000)
 Metaspace       used 18723K, capacity 19266K, committed 19584K, reserved 1067008K
  class space    used 2702K, capacity 2901K, committed 2944K, reserved 1048576K
Event: 19.694 GC heap after
Heap after GC invocations=5 (full 0):
 PSYoungGen      total 37888K, used 5088K [0x00000007a0000000, 0x00000007a3400000, 0x00000007c0000000)
  eden space 32768K, 0% used [0x00000007a0000000,0x00000007a0000000,0x00000007a2000000)
  from space 5120K, 99% used [0x00000007a2080000,0x00000007a2578030,0x00000007a2580000)
  to   space 10240K, 0% used [0x00000007a2a00000,0x00000007a2a00000,0x00000007a3400000)
 ParOldGen       total 87552K, used 8367K [0x0000000760000000, 0x0000000765580000, 0x00000007a0000000)
  object space 87552K, 9% used [0x0000000760000000,0x000000076082bc28,0x0000000765580000)
 Metaspace       used 18723K, capacity 19266K, committed 19584K, reserved 1067008K
  class space    used 2702K, capacity 2901K, committed 2944K, reserved 1048576K
}
Event: 22.339 GC heap before
{Heap before GC invocations=6 (full 0):
 PSYoungGen      total 37888K, used 23375K [0x00000007a0000000, 0x00000007a3400000, 0x00000007c0000000)
  eden space 32768K, 55% used [0x00000007a0000000,0x00000007a11dbe18,0x00000007a2000000)
  from space 5120K, 99% used [0x00000007a2080000,0x00000007a2578030,0x00000007a2580000)
  to   space 10240K, 0% used [0x00000007a2a00000,0x00000007a2a00000,0x00000007a3400000)
 ParOldGen       total 87552K, used 8367K [0x0000000760000000, 0x0000000765580000, 0x00000007a0000000)
  object space 87552K, 9% used [0x0000000760000000,0x000000076082bc28,0x0000000765580000)
 Metaspace       used 20662K, capacity 21136K, committed 21296K, reserved 1067008K
  class space    used 2997K, capacity 3160K, committed 3200K, reserved 1048576K
Event: 22.371 GC heap after
Heap after GC invocations=6 (full 0):
 PSYoungGen      total 41984K, used 7559K [0x00000007a0000000, 0x00000007a3380000, 0x00000007c0000000)
  eden space 32256K, 0% used [0x00000007a0000000,0x00000007a0000000,0x00000007a1f80000)
  from space 9728K, 77% used [0x00000007a2a00000,0x00000007a3161ce8,0x00000007a3380000)
  to   space 10240K, 0% used [0x00000007a1f80000,0x00000007a1f80000,0x00000007a2980000)
 ParOldGen       total 87552K, used 8375K [0x0000000760000000, 0x0000000765580000, 0x00000007a0000000)
  object space 87552K, 9% used [0x0000000760000000,0x000000076082dc28,0x0000000765580000)
 Metaspace       used 20662K, capacity 21136K, committed 21296K, reserved 1067008K
  class space    used 2997K, capacity 3160K, committed 3200K, reserved 1048576K
}
Event: 22.372 GC heap before
{Heap before GC invocations=7 (full 1):
 PSYoungGen      total 41984K, used 7559K [0x00000007a0000000, 0x00000007a3380000, 0x00000007c0000000)
  eden space 32256K, 0% used [0x00000007a0000000,0x00000007a0000000,0x00000007a1f80000)
  from space 9728K, 77% used [0x00000007a2a00000,0x00000007a3161ce8,0x00000007a3380000)
  to   space 10240K, 0% used [0x00000007a1f80000,0x00000007a1f80000,0x00000007a2980000)
 ParOldGen       total 87552K, used 8375K [0x0000000760000000, 0x0000000765580000, 0x00000007a0000000)
  object space 87552K, 9% used [0x0000000760000000,0x000000076082dc28,0x0000000765580000)
 Metaspace       used 20662K, capacity 21136K, committed 21296K, reserved 1067008K
  class space    used 2997K, capacity 3160K, committed 3200K, reserved 1048576K
Event: 22.489 GC heap after
Heap after GC invocations=7 (full 1):
 PSYoungGen      total 41984K, used 0K [0x00000007a0000000, 0x00000007a3380000, 0x00000007c0000000)
  eden space 32256K, 0% used [0x00000007a0000000,0x00000007a0000000,0x00000007a1f80000)
  from space 9728K, 0% used [0x00000007a2a00000,0x00000007a2a00000,0x00000007a3380000)
  to   space 10240K, 0% used [0x00000007a1f80000,0x00000007a1f80000,0x00000007a2980000)
 ParOldGen       total 60416K, used 8744K [0x0000000760000000, 0x0000000763b00000, 0x00000007a0000000)
  object space 60416K, 14% used [0x0000000760000000,0x000000076088a360,0x0000000763b00000)
 Metaspace       used 20662K, capacity 21136K, committed 21296K, reserved 1067008K
  class space    used 2997K, capacity 3160K, committed 3200K, reserved 1048576K
}

