# JRE version: OpenJDK Runtime Environment (8.0_212) (build 1.8.0_212-release-1586-b4-5784211)
# Java VM: OpenJDK 64-Bit Server VM (25.212-b4-5784211 mixed mode bsd-amd64 compressed oops)
Heap:
 PSYoungGen      total 392704K, used 42114K [0x00000007a0000000, 0x00000007bfa00000, 0x00000007c0000000)
  eden space 268288K, 0% used [0x00000007a0000000,0x00000007a0000000,0x00000007b0600000)
  from space 124416K, 33% used [0x00000007b0600000,0x00000007b2f20ba8,0x00000007b7f80000)
  to   space 116736K, 0% used [0x00000007b8800000,0x00000007b8800000,0x00000007bfa00000)
 ParOldGen       total 359424K, used 359152K [0x0000000760000000, 0x0000000775f00000, 0x00000007a0000000)
  object space 359424K, 99% used [0x0000000760000000,0x0000000775ebc1e8,0x0000000775f00000)
 Metaspace       used 140092K, capacity 146194K, committed 146344K, reserved 1177600K
  class space    used 17268K, capacity 18525K, committed 18600K, reserved 1048576K
GC Heap History (10 events):
Event: 4011.497 GC heap after
Heap after GC invocations=48 (full 5):
 PSYoungGen      total 278528K, used 17814K [0x00000007a0000000, 0x00000007bf380000, 0x00000007c0000000)
  eden space 260608K, 0% used [0x00000007a0000000,0x00000007a0000000,0x00000007afe80000)
  from space 17920K, 99% used [0x00000007afe80000,0x00000007b0fe5868,0x00000007b1000000)
  to   space 125440K, 0% used [0x00000007b7900000,0x00000007b7900000,0x00000007bf380000)
 ParOldGen       total 320000K, used 255884K [0x0000000760000000, 0x0000000773880000, 0x00000007a0000000)
  object space 320000K, 79% used [0x0000000760000000,0x000000076f9e3218,0x0000000773880000)
 Metaspace       used 132680K, capacity 138660K, committed 138920K, reserved 1171456K
  class space    used 16506K, capacity 17748K, committed 17832K, reserved 1048576K
}
Event: 4024.944 GC heap before
{Heap before GC invocations=49 (full 5):
 PSYoungGen      total 278528K, used 278422K [0x00000007a0000000, 0x00000007bf380000, 0x00000007c0000000)
  eden space 260608K, 100% used [0x00000007a0000000,0x00000007afe80000,0x00000007afe80000)
  from space 17920K, 99% used [0x00000007afe80000,0x00000007b0fe5868,0x00000007b1000000)
  to   space 125440K, 0% used [0x00000007b7900000,0x00000007b7900000,0x00000007bf380000)
 ParOldGen       total 320000K, used 255884K [0x0000000760000000, 0x0000000773880000, 0x00000007a0000000)
  object space 320000K, 79% used [0x0000000760000000,0x000000076f9e3218,0x0000000773880000)
 Metaspace       used 139636K, capacity 145790K, committed 146088K, reserved 1177600K
  class space    used 17268K, capacity 18525K, committed 18600K, reserved 1048576K
Event: 4025.040 GC heap after
Heap after GC invocations=49 (full 5):
 PSYoungGen      total 390144K, used 15259K [0x00000007a0000000, 0x00000007c0000000, 0x00000007c0000000)
  eden space 264704K, 0% used [0x00000007a0000000,0x00000007a0000000,0x00000007b0280000)
  from space 125440K, 12% used [0x00000007b7900000,0x00000007b87e6ec0,0x00000007bf380000)
  to   space 121344K, 0% used [0x00000007b0280000,0x00000007b0280000,0x00000007b7900000)
 ParOldGen       total 320000K, used 262962K [0x0000000760000000, 0x0000000773880000, 0x00000007a0000000)
  object space 320000K, 82% used [0x0000000760000000,0x00000007700ccb48,0x0000000773880000)
 Metaspace       used 139636K, capacity 145790K, committed 146088K, reserved 1177600K
  class space    used 17268K, capacity 18525K, committed 18600K, reserved 1048576K
}
Event: 4027.231 GC heap before
{Heap before GC invocations=50 (full 5):
 PSYoungGen      total 390144K, used 279931K [0x00000007a0000000, 0x00000007c0000000, 0x00000007c0000000)
  eden space 264704K, 99% used [0x00000007a0000000,0x00000007b0277e30,0x00000007b0280000)
  from space 125440K, 12% used [0x00000007b7900000,0x00000007b87e6ec0,0x00000007bf380000)
  to   space 121344K, 0% used [0x00000007b0280000,0x00000007b0280000,0x00000007b7900000)
 ParOldGen       total 320000K, used 262962K [0x0000000760000000, 0x0000000773880000, 0x00000007a0000000)
  object space 320000K, 82% used [0x0000000760000000,0x00000007700ccb48,0x0000000773880000)
 Metaspace       used 139826K, capacity 145922K, committed 146088K, reserved 1177600K
  class space    used 17268K, capacity 18525K, committed 18600K, reserved 1048576K
Event: 4027.342 GC heap after
Heap after GC invocations=50 (full 5):
 PSYoungGen      total 386048K, used 22201K [0x00000007a0000000, 0x00000007bf000000, 0x00000007c0000000)
  eden space 264704K, 0% used [0x00000007a0000000,0x00000007a0000000,0x00000007b0280000)
  from space 121344K, 18% used [0x00000007b0280000,0x00000007b182e7e8,0x00000007b7900000)
  to   space 115200K, 0% used [0x00000007b7f80000,0x00000007b7f80000,0x00000007bf000000)
 ParOldGen       total 320000K, used 271190K [0x0000000760000000, 0x0000000773880000, 0x00000007a0000000)
  object space 320000K, 84% used [0x0000000760000000,0x00000007708d5810,0x0000000773880000)
 Metaspace       used 139826K, capacity 145922K, committed 146088K, reserved 1177600K
  class space    used 17268K, capacity 18525K, committed 18600K, reserved 1048576K
}
Event: 4029.163 GC heap before
{Heap before GC invocations=51 (full 5):
 PSYoungGen      total 386048K, used 286905K [0x00000007a0000000, 0x00000007bf000000, 0x00000007c0000000)
  eden space 264704K, 100% used [0x00000007a0000000,0x00000007b0280000,0x00000007b0280000)
  from space 121344K, 18% used [0x00000007b0280000,0x00000007b182e7e8,0x00000007b7900000)
  to   space 115200K, 0% used [0x00000007b7f80000,0x00000007b7f80000,0x00000007bf000000)
 ParOldGen       total 320000K, used 271190K [0x0000000760000000, 0x0000000773880000, 0x00000007a0000000)
  object space 320000K, 84% used [0x0000000760000000,0x00000007708d5810,0x0000000773880000)
 Metaspace       used 140083K, capacity 146194K, committed 146344K, reserved 1177600K
  class space    used 17268K, capacity 18525K, committed 18600K, reserved 1048576K
Event: 4029.677 GC heap after
Heap after GC invocations=51 (full 5):
 PSYoungGen      total 383488K, used 82056K [0x00000007a0000000, 0x00000007c0000000, 0x00000007c0000000)
  eden space 268288K, 0% used [0x00000007a0000000,0x00000007a0000000,0x00000007b0600000)
  from space 115200K, 71% used [0x00000007b7f80000,0x00000007bcfa21d8,0x00000007bf000000)
  to   space 124416K, 0% used [0x00000007b0600000,0x00000007b0600000,0x00000007b7f80000)
 ParOldGen       total 320000K, used 278963K [0x0000000760000000, 0x0000000773880000, 0x00000007a0000000)
  object space 320000K, 87% used [0x0000000760000000,0x000000077106cf98,0x0000000773880000)
 Metaspace       used 140083K, capacity 146194K, committed 146344K, reserved 1177600K
  class space    used 17268K, capacity 18525K, committed 18600K, reserved 1048576K
}
Event: 4032.256 GC heap before
{Heap before GC invocations=52 (full 5):
 PSYoungGen      total 383488K, used 334984K [0x00000007a0000000, 0x00000007c0000000, 0x00000007c0000000)
  eden space 268288K, 94% used [0x00000007a0000000,0x00000007af700150,0x00000007b0600000)
  from space 115200K, 71% used [0x00000007b7f80000,0x00000007bcfa21d8,0x00000007bf000000)
  to   space 124416K, 0% used [0x00000007b0600000,0x00000007b0600000,0x00000007b7f80000)
 ParOldGen       total 320000K, used 278963K [0x0000000760000000, 0x0000000773880000, 0x00000007a0000000)
  object space 320000K, 87% used [0x0000000760000000,0x000000077106cf98,0x0000000773880000)
 Metaspace       used 140092K, capacity 146194K, committed 146344K, reserved 1177600K
  class space    used 17268K, capacity 18525K, committed 18600K, reserved 1048576K
Event: 4032.691 GC heap after
Heap after GC invocations=52 (full 5):
 PSYoungGen      total 392704K, used 42114K [0x00000007a0000000, 0x00000007bfa00000, 0x00000007c0000000)
  eden space 268288K, 0% used [0x00000007a0000000,0x00000007a0000000,0x00000007b0600000)
  from space 124416K, 33% used [0x00000007b0600000,0x00000007b2f20ba8,0x00000007b7f80000)
  to   space 116736K, 0% used [0x00000007b8800000,0x00000007b8800000,0x00000007bfa00000)
 ParOldGen       total 359424K, used 359152K [0x0000000760000000, 0x0000000775f00000, 0x00000007a0000000)
  object space 359424K, 99% used [0x0000000760000000,0x0000000775ebc1e8,0x0000000775f00000)
 Metaspace       used 140092K, capacity 146194K, committed 146344K, reserved 1177600K
  class space    used 17268K, capacity 18525K, committed 18600K, reserved 1048576K
}
Event: 4032.695 GC heap before
{Heap before GC invocations=53 (full 6):
 PSYoungGen      total 392704K, used 42114K [0x00000007a0000000, 0x00000007bfa00000, 0x00000007c0000000)
  eden space 268288K, 0% used [0x00000007a0000000,0x00000007a0000000,0x00000007b0600000)
  from space 124416K, 33% used [0x00000007b0600000,0x00000007b2f20ba8,0x00000007b7f80000)
  to   space 116736K, 0% used [0x00000007b8800000,0x00000007b8800000,0x00000007bfa00000)
 ParOldGen       total 359424K, used 359152K [0x0000000760000000, 0x0000000775f00000, 0x00000007a0000000)
  object space 359424K, 99% used [0x0000000760000000,0x0000000775ebc1e8,0x0000000775f00000)
 Metaspace       used 140092K, capacity 146194K, committed 146344K, reserved 1177600K
  class space    used 17268K, capacity 18525K, committed 18600K, reserved 1048576K

