# JRE version: OpenJDK Runtime Environment (8.0_212) (build 1.8.0_212-release-1586-b4-5784211)
# Java VM: OpenJDK 64-Bit Server VM (25.212-b4-5784211 mixed mode bsd-amd64 compressed oops)
Heap:
 PSYoungGen      total 426496K, used 184806K [0x00000007a0000000, 0x00000007bf400000, 0x00000007c0000000)
  eden space 342016K, 54% used [0x00000007a0000000,0x00000007ab479960,0x00000007b4e00000)
  from space 84480K, 0% used [0x00000007b4e00000,0x00000007b4e00000,0x00000007ba080000)
  to   space 84992K, 0% used [0x00000007ba100000,0x00000007ba100000,0x00000007bf400000)
 ParOldGen       total 394240K, used 83739K [0x0000000760000000, 0x0000000778100000, 0x00000007a0000000)
  object space 394240K, 21% used [0x0000000760000000,0x00000007651c6de8,0x0000000778100000)
 Metaspace       used 142540K, capacity 149144K, committed 158504K, reserved 1187840K
  class space    used 17500K, capacity 18727K, committed 20008K, reserved 1048576K
GC Heap History (10 events):
Event: 4297.402 GC heap before
{Heap before GC invocations=49 (full 5):
 PSYoungGen      total 425472K, used 352135K [0x00000007a0000000, 0x00000007c0000000, 0x00000007c0000000)
  eden space 326656K, 100% used [0x00000007a0000000,0x00000007b3f00000,0x00000007b3f00000)
  from space 98816K, 25% used [0x00000007b3f00000,0x00000007b57e1d40,0x00000007b9f80000)
  to   space 94720K, 0% used [0x00000007ba380000,0x00000007ba380000,0x00000007c0000000)
 ParOldGen       total 394240K, used 313558K [0x0000000760000000, 0x0000000778100000, 0x00000007a0000000)
  object space 394240K, 79% used [0x0000000760000000,0x0000000773235990,0x0000000778100000)
 Metaspace       used 143668K, capacity 150370K, committed 150440K, reserved 1181696K
  class space    used 17720K, capacity 19080K, committed 19112K, reserved 1048576K
Event: 4297.941 GC heap after
Heap after GC invocations=49 (full 5):
 PSYoungGen      total 418304K, used 10144K [0x00000007a0000000, 0x00000007bf900000, 0x00000007c0000000)
  eden space 330752K, 0% used [0x00000007a0000000,0x00000007a0000000,0x00000007b4300000)
  from space 87552K, 11% used [0x00000007ba380000,0x00000007bad68040,0x00000007bf900000)
  to   space 93184K, 0% used [0x00000007b4300000,0x00000007b4300000,0x00000007b9e00000)
 ParOldGen       total 394240K, used 326860K [0x0000000760000000, 0x0000000778100000, 0x00000007a0000000)
  object space 394240K, 82% used [0x0000000760000000,0x0000000773f33000,0x0000000778100000)
 Metaspace       used 143668K, capacity 150370K, committed 150440K, reserved 1181696K
  class space    used 17720K, capacity 19080K, committed 19112K, reserved 1048576K
}
Event: 4447.065 GC heap before
{Heap before GC invocations=50 (full 5):
 PSYoungGen      total 418304K, used 340896K [0x00000007a0000000, 0x00000007bf900000, 0x00000007c0000000)
  eden space 330752K, 100% used [0x00000007a0000000,0x00000007b4300000,0x00000007b4300000)
  from space 87552K, 11% used [0x00000007ba380000,0x00000007bad68040,0x00000007bf900000)
  to   space 93184K, 0% used [0x00000007b4300000,0x00000007b4300000,0x00000007b9e00000)
 ParOldGen       total 394240K, used 326860K [0x0000000760000000, 0x0000000778100000, 0x00000007a0000000)
  object space 394240K, 82% used [0x0000000760000000,0x0000000773f33000,0x0000000778100000)
 Metaspace       used 143968K, capacity 150896K, committed 151080K, reserved 1181696K
  class space    used 17756K, capacity 19145K, committed 19240K, reserved 1048576K
Event: 4447.590 GC heap after
Heap after GC invocations=50 (full 5):
 PSYoungGen      total 423936K, used 23422K [0x00000007a0000000, 0x00000007bfd80000, 0x00000007c0000000)
  eden space 330752K, 0% used [0x00000007a0000000,0x00000007a0000000,0x00000007b4300000)
  from space 93184K, 25% used [0x00000007b4300000,0x00000007b59df910,0x00000007b9e00000)
  to   space 89088K, 0% used [0x00000007ba680000,0x00000007ba680000,0x00000007bfd80000)
 ParOldGen       total 394240K, used 326988K [0x0000000760000000, 0x0000000778100000, 0x00000007a0000000)
  object space 394240K, 82% used [0x0000000760000000,0x0000000773f53000,0x0000000778100000)
 Metaspace       used 143968K, capacity 150896K, committed 151080K, reserved 1181696K
  class space    used 17756K, capacity 19145K, committed 19240K, reserved 1048576K
}
Event: 4468.180 GC heap before
{Heap before GC invocations=51 (full 5):
 PSYoungGen      total 423936K, used 354174K [0x00000007a0000000, 0x00000007bfd80000, 0x00000007c0000000)
  eden space 330752K, 100% used [0x00000007a0000000,0x00000007b4300000,0x00000007b4300000)
  from space 93184K, 25% used [0x00000007b4300000,0x00000007b59df910,0x00000007b9e00000)
  to   space 89088K, 0% used [0x00000007ba680000,0x00000007ba680000,0x00000007bfd80000)
 ParOldGen       total 394240K, used 326988K [0x0000000760000000, 0x0000000778100000, 0x00000007a0000000)
  object space 394240K, 82% used [0x0000000760000000,0x0000000773f53000,0x0000000778100000)
 Metaspace       used 150972K, capacity 157978K, committed 158248K, reserved 1187840K
  class space    used 18525K, capacity 19936K, committed 20008K, reserved 1048576K
Event: 4468.890 GC heap after
Heap after GC invocations=51 (full 5):
 PSYoungGen      total 420352K, used 35916K [0x00000007a0000000, 0x00000007bf300000, 0x00000007c0000000)
  eden space 342016K, 0% used [0x00000007a0000000,0x00000007a0000000,0x00000007b4e00000)
  from space 78336K, 45% used [0x00000007ba680000,0x00000007bc993300,0x00000007bf300000)
  to   space 84480K, 0% used [0x00000007b4e00000,0x00000007b4e00000,0x00000007ba080000)
 ParOldGen       total 394240K, used 335559K [0x0000000760000000, 0x0000000778100000, 0x00000007a0000000)
  object space 394240K, 85% used [0x0000000760000000,0x00000007747b1de8,0x0000000778100000)
 Metaspace       used 150972K, capacity 157978K, committed 158248K, reserved 1187840K
  class space    used 18525K, capacity 19936K, committed 20008K, reserved 1048576K
}
Event: 4497.110 GC heap before
{Heap before GC invocations=52 (full 5):
 PSYoungGen      total 420352K, used 96726K [0x00000007a0000000, 0x00000007bf300000, 0x00000007c0000000)
  eden space 342016K, 17% used [0x00000007a0000000,0x00000007a3b627d0,0x00000007b4e00000)
  from space 78336K, 45% used [0x00000007ba680000,0x00000007bc993300,0x00000007bf300000)
  to   space 84480K, 0% used [0x00000007b4e00000,0x00000007b4e00000,0x00000007ba080000)
 ParOldGen       total 394240K, used 335559K [0x0000000760000000, 0x0000000778100000, 0x00000007a0000000)
  object space 394240K, 85% used [0x0000000760000000,0x00000007747b1de8,0x0000000778100000)
 Metaspace       used 151119K, capacity 158386K, committed 158504K, reserved 1187840K
  class space    used 18563K, capacity 20004K, committed 20008K, reserved 1048576K
Event: 4497.134 GC heap after
Heap after GC invocations=52 (full 5):
 PSYoungGen      total 426496K, used 544K [0x00000007a0000000, 0x00000007bf400000, 0x00000007c0000000)
  eden space 342016K, 0% used [0x00000007a0000000,0x00000007a0000000,0x00000007b4e00000)
  from space 84480K, 0% used [0x00000007b4e00000,0x00000007b4e88000,0x00000007ba080000)
  to   space 84992K, 0% used [0x00000007ba100000,0x00000007ba100000,0x00000007bf400000)
 ParOldGen       total 394240K, used 342913K [0x0000000760000000, 0x0000000778100000, 0x00000007a0000000)
  object space 394240K, 86% used [0x0000000760000000,0x0000000774ee07a0,0x0000000778100000)
 Metaspace       used 151119K, capacity 158386K, committed 158504K, reserved 1187840K
  class space    used 18563K, capacity 20004K, committed 20008K, reserved 1048576K
}
Event: 4497.135 GC heap before
{Heap before GC invocations=53 (full 6):
 PSYoungGen      total 426496K, used 544K [0x00000007a0000000, 0x00000007bf400000, 0x00000007c0000000)
  eden space 342016K, 0% used [0x00000007a0000000,0x00000007a0000000,0x00000007b4e00000)
  from space 84480K, 0% used [0x00000007b4e00000,0x00000007b4e88000,0x00000007ba080000)
  to   space 84992K, 0% used [0x00000007ba100000,0x00000007ba100000,0x00000007bf400000)
 ParOldGen       total 394240K, used 342913K [0x0000000760000000, 0x0000000778100000, 0x00000007a0000000)
  object space 394240K, 86% used [0x0000000760000000,0x0000000774ee07a0,0x0000000778100000)
 Metaspace       used 151119K, capacity 158386K, committed 158504K, reserved 1187840K
  class space    used 18563K, capacity 20004K, committed 20008K, reserved 1048576K
Event: 4500.080 GC heap after
Heap after GC invocations=53 (full 6):
 PSYoungGen      total 426496K, used 0K [0x00000007a0000000, 0x00000007bf400000, 0x00000007c0000000)
  eden space 342016K, 0% used [0x00000007a0000000,0x00000007a0000000,0x00000007b4e00000)
  from space 84480K, 0% used [0x00000007b4e00000,0x00000007b4e00000,0x00000007ba080000)
  to   space 84992K, 0% used [0x00000007ba100000,0x00000007ba100000,0x00000007bf400000)
 ParOldGen       total 394240K, used 83739K [0x0000000760000000, 0x0000000778100000, 0x00000007a0000000)
  object space 394240K, 21% used [0x0000000760000000,0x00000007651c6de8,0x0000000778100000)
 Metaspace       used 142267K, capacity 148580K, committed 158504K, reserved 1187840K
  class space    used 17469K, capacity 18667K, committed 20008K, reserved 1048576K
}

