# JRE version: OpenJDK Runtime Environment (8.0_212) (build 1.8.0_212-release-1586-b4-5784211)
# Java VM: OpenJDK 64-Bit Server VM (25.212-b4-5784211 mixed mode bsd-amd64 compressed oops)
Heap:
 PSYoungGen      total 354304K, used 111580K [0x00000007a0000000, 0x00000007c0000000, 0x00000007c0000000)
  eden space 298496K, 37% used [0x00000007a0000000,0x00000007a6cf70d0,0x00000007b2380000)
  from space 55808K, 0% used [0x00000007b8080000,0x00000007b8080000,0x00000007bb700000)
  to   space 95232K, 0% used [0x00000007b2380000,0x00000007b2380000,0x00000007b8080000)
 ParOldGen       total 391168K, used 195034K [0x0000000760000000, 0x0000000777e00000, 0x00000007a0000000)
  object space 391168K, 49% used [0x0000000760000000,0x000000076be76b38,0x0000000777e00000)
 Metaspace       used 96843K, capacity 101664K, committed 101928K, reserved 1138688K
  class space    used 12571K, capacity 13579K, committed 13608K, reserved 1048576K
GC Heap History (10 events):
Event: 545.462 GC heap before
{Heap before GC invocations=31 (full 4):
 PSYoungGen      total 333824K, used 310058K [0x00000007a0000000, 0x00000007b8000000, 0x00000007c0000000)
  eden space 290816K, 100% used [0x00000007a0000000,0x00000007b1c00000,0x00000007b1c00000)
  from space 43008K, 44% used [0x00000007b5600000,0x00000007b68ca9b0,0x00000007b8000000)
  to   space 51200K, 0% used [0x00000007b1c00000,0x00000007b1c00000,0x00000007b4e00000)
 ParOldGen       total 279552K, used 168876K [0x0000000760000000, 0x0000000771100000, 0x00000007a0000000)
  object space 279552K, 60% used [0x0000000760000000,0x000000076a4eb190,0x0000000771100000)
 Metaspace       used 95701K, capacity 99970K, committed 100264K, reserved 1136640K
  class space    used 12478K, capacity 13380K, committed 13480K, reserved 1048576K
Event: 546.147 GC heap after
Heap after GC invocations=31 (full 4):
 PSYoungGen      total 342016K, used 23956K [0x00000007a0000000, 0x00000007b9900000, 0x00000007c0000000)
  eden space 290816K, 0% used [0x00000007a0000000,0x00000007a0000000,0x00000007b1c00000)
  from space 51200K, 46% used [0x00000007b1c00000,0x00000007b3365340,0x00000007b4e00000)
  to   space 49152K, 0% used [0x00000007b6900000,0x00000007b6900000,0x00000007b9900000)
 ParOldGen       total 279552K, used 168884K [0x0000000760000000, 0x0000000771100000, 0x00000007a0000000)
  object space 279552K, 60% used [0x0000000760000000,0x000000076a4ed190,0x0000000771100000)
 Metaspace       used 95701K, capacity 99970K, committed 100264K, reserved 1136640K
  class space    used 12478K, capacity 13380K, committed 13480K, reserved 1048576K
}
Event: 633.439 GC heap before
{Heap before GC invocations=32 (full 4):
 PSYoungGen      total 342016K, used 314772K [0x00000007a0000000, 0x00000007b9900000, 0x00000007c0000000)
  eden space 290816K, 100% used [0x00000007a0000000,0x00000007b1c00000,0x00000007b1c00000)
  from space 51200K, 46% used [0x00000007b1c00000,0x00000007b3365340,0x00000007b4e00000)
  to   space 49152K, 0% used [0x00000007b6900000,0x00000007b6900000,0x00000007b9900000)
 ParOldGen       total 279552K, used 168884K [0x0000000760000000, 0x0000000771100000, 0x00000007a0000000)
  object space 279552K, 60% used [0x0000000760000000,0x000000076a4ed190,0x0000000771100000)
 Metaspace       used 96368K, capacity 101132K, committed 101416K, reserved 1136640K
  class space    used 12561K, capacity 13531K, committed 13608K, reserved 1048576K
Event: 633.495 GC heap after
Heap after GC invocations=32 (full 4):
 PSYoungGen      total 356352K, used 16664K [0x00000007a0000000, 0x00000007b9100000, 0x00000007c0000000)
  eden space 315392K, 0% used [0x00000007a0000000,0x00000007a0000000,0x00000007b3400000)
  from space 40960K, 40% used [0x00000007b6900000,0x00000007b7946080,0x00000007b9100000)
  to   space 47616K, 0% used [0x00000007b3400000,0x00000007b3400000,0x00000007b6280000)
 ParOldGen       total 279552K, used 168892K [0x0000000760000000, 0x0000000771100000, 0x00000007a0000000)
  object space 279552K, 60% used [0x0000000760000000,0x000000076a4ef190,0x0000000771100000)
 Metaspace       used 96368K, capacity 101132K, committed 101416K, reserved 1136640K
  class space    used 12561K, capacity 13531K, committed 13608K, reserved 1048576K
}
Event: 860.157 GC heap before
{Heap before GC invocations=33 (full 4):
 PSYoungGen      total 356352K, used 332056K [0x00000007a0000000, 0x00000007b9100000, 0x00000007c0000000)
  eden space 315392K, 100% used [0x00000007a0000000,0x00000007b3400000,0x00000007b3400000)
  from space 40960K, 40% used [0x00000007b6900000,0x00000007b7946080,0x00000007b9100000)
  to   space 47616K, 0% used [0x00000007b3400000,0x00000007b3400000,0x00000007b6280000)
 ParOldGen       total 279552K, used 168892K [0x0000000760000000, 0x0000000771100000, 0x00000007a0000000)
  object space 279552K, 60% used [0x0000000760000000,0x000000076a4ef190,0x0000000771100000)
 Metaspace       used 96808K, capacity 101670K, committed 101928K, reserved 1138688K
  class space    used 12571K, capacity 13580K, committed 13608K, reserved 1048576K
Event: 860.546 GC heap after
Heap after GC invocations=33 (full 4):
 PSYoungGen      total 363008K, used 47609K [0x00000007a0000000, 0x00000007bb700000, 0x00000007c0000000)
  eden space 315392K, 0% used [0x00000007a0000000,0x00000007a0000000,0x00000007b3400000)
  from space 47616K, 99% used [0x00000007b3400000,0x00000007b627e530,0x00000007b6280000)
  to   space 55808K, 0% used [0x00000007b8080000,0x00000007b8080000,0x00000007bb700000)
 ParOldGen       total 279552K, used 172219K [0x0000000760000000, 0x0000000771100000, 0x00000007a0000000)
  object space 279552K, 61% used [0x0000000760000000,0x000000076a82ed50,0x0000000771100000)
 Metaspace       used 96808K, capacity 101670K, committed 101928K, reserved 1138688K
  class space    used 12571K, capacity 13580K, committed 13608K, reserved 1048576K
}
Event: 865.597 GC heap before
{Heap before GC invocations=34 (full 4):
 PSYoungGen      total 363008K, used 363001K [0x00000007a0000000, 0x00000007bb700000, 0x00000007c0000000)
  eden space 315392K, 100% used [0x00000007a0000000,0x00000007b3400000,0x00000007b3400000)
  from space 47616K, 99% used [0x00000007b3400000,0x00000007b627e530,0x00000007b6280000)
  to   space 55808K, 0% used [0x00000007b8080000,0x00000007b8080000,0x00000007bb700000)
 ParOldGen       total 279552K, used 172219K [0x0000000760000000, 0x0000000771100000, 0x00000007a0000000)
  object space 279552K, 61% used [0x0000000760000000,0x000000076a82ed50,0x0000000771100000)
 Metaspace       used 96836K, capacity 101670K, committed 101928K, reserved 1138688K
  class space    used 12572K, capacity 13580K, committed 13608K, reserved 1048576K
Event: 865.860 GC heap after
Heap after GC invocations=34 (full 4):
 PSYoungGen      total 354304K, used 55802K [0x00000007a0000000, 0x00000007c0000000, 0x00000007c0000000)
  eden space 298496K, 0% used [0x00000007a0000000,0x00000007a0000000,0x00000007b2380000)
  from space 55808K, 99% used [0x00000007b8080000,0x00000007bb6feac8,0x00000007bb700000)
  to   space 95232K, 0% used [0x00000007b2380000,0x00000007b2380000,0x00000007b8080000)
 ParOldGen       total 279552K, used 255749K [0x0000000760000000, 0x0000000771100000, 0x00000007a0000000)
  object space 279552K, 91% used [0x0000000760000000,0x000000076f9c14a8,0x0000000771100000)
 Metaspace       used 96836K, capacity 101670K, committed 101928K, reserved 1138688K
  class space    used 12572K, capacity 13580K, committed 13608K, reserved 1048576K
}
Event: 865.860 GC heap before
{Heap before GC invocations=35 (full 5):
 PSYoungGen      total 354304K, used 55802K [0x00000007a0000000, 0x00000007c0000000, 0x00000007c0000000)
  eden space 298496K, 0% used [0x00000007a0000000,0x00000007a0000000,0x00000007b2380000)
  from space 55808K, 99% used [0x00000007b8080000,0x00000007bb6feac8,0x00000007bb700000)
  to   space 95232K, 0% used [0x00000007b2380000,0x00000007b2380000,0x00000007b8080000)
 ParOldGen       total 279552K, used 255749K [0x0000000760000000, 0x0000000771100000, 0x00000007a0000000)
  object space 279552K, 91% used [0x0000000760000000,0x000000076f9c14a8,0x0000000771100000)
 Metaspace       used 96836K, capacity 101670K, committed 101928K, reserved 1138688K
  class space    used 12572K, capacity 13580K, committed 13608K, reserved 1048576K
Event: 868.165 GC heap after
Heap after GC invocations=35 (full 5):
 PSYoungGen      total 354304K, used 0K [0x00000007a0000000, 0x00000007c0000000, 0x00000007c0000000)
  eden space 298496K, 0% used [0x00000007a0000000,0x00000007a0000000,0x00000007b2380000)
  from space 55808K, 0% used [0x00000007b8080000,0x00000007b8080000,0x00000007bb700000)
  to   space 95232K, 0% used [0x00000007b2380000,0x00000007b2380000,0x00000007b8080000)
 ParOldGen       total 391168K, used 195034K [0x0000000760000000, 0x0000000777e00000, 0x00000007a0000000)
  object space 391168K, 49% used [0x0000000760000000,0x000000076be76b38,0x0000000777e00000)
 Metaspace       used 96835K, capacity 101664K, committed 101928K, reserved 1138688K
  class space    used 12571K, capacity 13579K, committed 13608K, reserved 1048576K
}

