# JRE version: OpenJDK Runtime Environment (8.0_212) (build 1.8.0_212-release-1586-b4-5784211)
# Java VM: OpenJDK 64-Bit Server VM (25.212-b4-5784211 mixed mode bsd-amd64 compressed oops)
Heap:
 PSYoungGen      total 396800K, used 274311K [0x00000007a0000000, 0x00000007bf300000, 0x00000007c0000000)
  eden space 285184K, 91% used [0x00000007a0000000,0x00000007afeb2348,0x00000007b1680000)
  from space 111616K, 12% used [0x00000007b1680000,0x00000007b23af920,0x00000007b8380000)
  to   space 107008K, 0% used [0x00000007b8a80000,0x00000007b8a80000,0x00000007bf300000)
 ParOldGen       total 335872K, used 119156K [0x0000000760000000, 0x0000000774800000, 0x00000007a0000000)
  object space 335872K, 35% used [0x0000000760000000,0x000000076745d388,0x0000000774800000)
 Metaspace       used 125002K, capacity 132848K, committed 141952K, reserved 1173504K
  class space    used 15509K, capacity 16881K, committed 18304K, reserved 1048576K
GC Heap History (10 events):
Event: 8977.432 GC heap before
{Heap before GC invocations=54 (full 7):
 PSYoungGen      total 404480K, used 311790K [0x00000007a0000000, 0x00000007bf400000, 0x00000007c0000000)
  eden space 299520K, 100% used [0x00000007a0000000,0x00000007b2480000,0x00000007b2480000)
  from space 104960K, 11% used [0x00000007b8800000,0x00000007b93fbb08,0x00000007bee80000)
  to   space 101888K, 0% used [0x00000007b2480000,0x00000007b2480000,0x00000007b8800000)
 ParOldGen       total 335872K, used 85187K [0x0000000760000000, 0x0000000774800000, 0x00000007a0000000)
  object space 335872K, 25% used [0x0000000760000000,0x0000000765330ca0,0x0000000774800000)
 Metaspace       used 123748K, capacity 130976K, committed 141952K, reserved 1173504K
  class space    used 15330K, capacity 16623K, committed 18304K, reserved 1048576K
Event: 8978.731 GC heap after
Heap after GC invocations=54 (full 7):
 PSYoungGen      total 401408K, used 101880K [0x00000007a0000000, 0x00000007c0000000, 0x00000007c0000000)
  eden space 299520K, 0% used [0x00000007a0000000,0x00000007a0000000,0x00000007b2480000)
  from space 101888K, 99% used [0x00000007b2480000,0x00000007b87fe0b0,0x00000007b8800000)
  to   space 122880K, 0% used [0x00000007b8800000,0x00000007b8800000,0x00000007c0000000)
 ParOldGen       total 335872K, used 98048K [0x0000000760000000, 0x0000000774800000, 0x00000007a0000000)
  object space 335872K, 29% used [0x0000000760000000,0x0000000765fc0150,0x0000000774800000)
 Metaspace       used 123748K, capacity 130976K, committed 141952K, reserved 1173504K
  class space    used 15330K, capacity 16623K, committed 18304K, reserved 1048576K
}
Event: 9395.044 GC heap before
{Heap before GC invocations=55 (full 7):
 PSYoungGen      total 401408K, used 401400K [0x00000007a0000000, 0x00000007c0000000, 0x00000007c0000000)
  eden space 299520K, 100% used [0x00000007a0000000,0x00000007b2480000,0x00000007b2480000)
  from space 101888K, 99% used [0x00000007b2480000,0x00000007b87fe0b0,0x00000007b8800000)
  to   space 122880K, 0% used [0x00000007b8800000,0x00000007b8800000,0x00000007c0000000)
 ParOldGen       total 335872K, used 98048K [0x0000000760000000, 0x0000000774800000, 0x00000007a0000000)
  object space 335872K, 29% used [0x0000000760000000,0x0000000765fc0150,0x0000000774800000)
 Metaspace       used 124373K, capacity 131944K, committed 141952K, reserved 1173504K
  class space    used 15437K, capacity 16763K, committed 18304K, reserved 1048576K
Event: 9396.754 GC heap after
Heap after GC invocations=55 (full 7):
 PSYoungGen      total 403968K, used 21600K [0x00000007a0000000, 0x00000007c0000000, 0x00000007c0000000)
  eden space 281088K, 0% used [0x00000007a0000000,0x00000007a0000000,0x00000007b1280000)
  from space 122880K, 17% used [0x00000007b8800000,0x00000007b9d181a0,0x00000007c0000000)
  to   space 120320K, 0% used [0x00000007b1280000,0x00000007b1280000,0x00000007b8800000)
 ParOldGen       total 335872K, used 117756K [0x0000000760000000, 0x0000000774800000, 0x00000007a0000000)
  object space 335872K, 35% used [0x0000000760000000,0x00000007672ff308,0x0000000774800000)
 Metaspace       used 124373K, capacity 131944K, committed 141952K, reserved 1173504K
  class space    used 15437K, capacity 16763K, committed 18304K, reserved 1048576K
}
Event: 9671.352 GC heap before
{Heap before GC invocations=56 (full 7):
 PSYoungGen      total 403968K, used 302688K [0x00000007a0000000, 0x00000007c0000000, 0x00000007c0000000)
  eden space 281088K, 100% used [0x00000007a0000000,0x00000007b1280000,0x00000007b1280000)
  from space 122880K, 17% used [0x00000007b8800000,0x00000007b9d181a0,0x00000007c0000000)
  to   space 120320K, 0% used [0x00000007b1280000,0x00000007b1280000,0x00000007b8800000)
 ParOldGen       total 335872K, used 117756K [0x0000000760000000, 0x0000000774800000, 0x00000007a0000000)
  object space 335872K, 35% used [0x0000000760000000,0x00000007672ff308,0x0000000774800000)
 Metaspace       used 124465K, capacity 131996K, committed 141952K, reserved 1173504K
  class space    used 15443K, capacity 16771K, committed 18304K, reserved 1048576K
Event: 9671.578 GC heap after
Heap after GC invocations=56 (full 7):
 PSYoungGen      total 295424K, used 14126K [0x00000007a0000000, 0x00000007bf480000, 0x00000007c0000000)
  eden space 281088K, 0% used [0x00000007a0000000,0x00000007a0000000,0x00000007b1280000)
  from space 14336K, 98% used [0x00000007b1280000,0x00000007b204b900,0x00000007b2080000)
  to   space 115712K, 0% used [0x00000007b8380000,0x00000007b8380000,0x00000007bf480000)
 ParOldGen       total 335872K, used 119012K [0x0000000760000000, 0x0000000774800000, 0x00000007a0000000)
  object space 335872K, 35% used [0x0000000760000000,0x0000000767439388,0x0000000774800000)
 Metaspace       used 124465K, capacity 131996K, committed 141952K, reserved 1173504K
  class space    used 15443K, capacity 16771K, committed 18304K, reserved 1048576K
}
Event: 9807.217 GC heap before
{Heap before GC invocations=57 (full 7):
 PSYoungGen      total 295424K, used 295207K [0x00000007a0000000, 0x00000007bf480000, 0x00000007c0000000)
  eden space 281088K, 99% used [0x00000007a0000000,0x00000007b127e480,0x00000007b1280000)
  from space 14336K, 98% used [0x00000007b1280000,0x00000007b204b900,0x00000007b2080000)
  to   space 115712K, 0% used [0x00000007b8380000,0x00000007b8380000,0x00000007bf480000)
 ParOldGen       total 335872K, used 119012K [0x0000000760000000, 0x0000000774800000, 0x00000007a0000000)
  object space 335872K, 35% used [0x0000000760000000,0x0000000767439388,0x0000000774800000)
 Metaspace       used 124546K, capacity 132102K, committed 141952K, reserved 1173504K
  class space    used 15446K, capacity 16778K, committed 18304K, reserved 1048576K
Event: 9807.552 GC heap after
Heap after GC invocations=57 (full 7):
 PSYoungGen      total 400896K, used 14014K [0x00000007a0000000, 0x00000007c0000000, 0x00000007c0000000)
  eden space 285184K, 0% used [0x00000007a0000000,0x00000007a0000000,0x00000007b1680000)
  from space 115712K, 12% used [0x00000007b8380000,0x00000007b912f910,0x00000007bf480000)
  to   space 111616K, 0% used [0x00000007b1680000,0x00000007b1680000,0x00000007b8380000)
 ParOldGen       total 335872K, used 119084K [0x0000000760000000, 0x0000000774800000, 0x00000007a0000000)
  object space 335872K, 35% used [0x0000000760000000,0x000000076744b388,0x0000000774800000)
 Metaspace       used 124546K, capacity 132102K, committed 141952K, reserved 1173504K
  class space    used 15446K, capacity 16778K, committed 18304K, reserved 1048576K
}
Event: 9899.921 GC heap before
{Heap before GC invocations=58 (full 7):
 PSYoungGen      total 400896K, used 299198K [0x00000007a0000000, 0x00000007c0000000, 0x00000007c0000000)
  eden space 285184K, 100% used [0x00000007a0000000,0x00000007b1680000,0x00000007b1680000)
  from space 115712K, 12% used [0x00000007b8380000,0x00000007b912f910,0x00000007bf480000)
  to   space 111616K, 0% used [0x00000007b1680000,0x00000007b1680000,0x00000007b8380000)
 ParOldGen       total 335872K, used 119084K [0x0000000760000000, 0x0000000774800000, 0x00000007a0000000)
  object space 335872K, 35% used [0x0000000760000000,0x000000076744b388,0x0000000774800000)
 Metaspace       used 124912K, capacity 132748K, committed 141952K, reserved 1173504K
  class space    used 15499K, capacity 16875K, committed 18304K, reserved 1048576K
Event: 9900.186 GC heap after
Heap after GC invocations=58 (full 7):
 PSYoungGen      total 396800K, used 13502K [0x00000007a0000000, 0x00000007bf300000, 0x00000007c0000000)
  eden space 285184K, 0% used [0x00000007a0000000,0x00000007a0000000,0x00000007b1680000)
  from space 111616K, 12% used [0x00000007b1680000,0x00000007b23af920,0x00000007b8380000)
  to   space 107008K, 0% used [0x00000007b8a80000,0x00000007b8a80000,0x00000007bf300000)
 ParOldGen       total 335872K, used 119156K [0x0000000760000000, 0x0000000774800000, 0x00000007a0000000)
  object space 335872K, 35% used [0x0000000760000000,0x000000076745d388,0x0000000774800000)
 Metaspace       used 124912K, capacity 132748K, committed 141952K, reserved 1173504K
  class space    used 15499K, capacity 16875K, committed 18304K, reserved 1048576K
}

